<?xml version="1.0" encoding="UTF-8"?>
<testsuite name="TestSuite" time="38.612" tests="7" errors="0" skipped="0" failures="3">
  <properties>
[...]
</properties>
  <testcase name="loginTest" classname="com.iNetBanking.testCases.TC_LoginTest_001" time="4.297"/>
  <testcase name="loginDDT" classname="com.iNetBanking.testCases.TC_LoginDDT_002" time="13.519"/>
  <testcase name="loginDDT" classname="com.iNetBanking.testCases.TC_LoginDDT_002" time="7.787">
    <failure message="expected [true] but found [false]" type="java.lang.AssertionError">java.lang.AssertionError: expected [true] but found [false]
	at org.testng.Assert.fail(Assert.java:110)
	at org.testng.Assert.failNotEquals(Assert.java:1413)
	at org.testng.Assert.assertTrue(Assert.java:56)
	at org.testng.Assert.assertTrue(Assert.java:66)
	at com.iNetBanking.testCases.TC_LoginDDT_002.loginDDT(TC_LoginDDT_002.java:32)
</failure>
    <system-out><![CDATA[ INFO [main] (TC_LoginDDT_002.java:20)- user name provide
 INFO [main] (TC_LoginDDT_002.java:22)- password provided
]]></system-out>
  </testcase>
  <testcase name="loginDDT" classname="com.iNetBanking.testCases.TC_LoginDDT_002" time="8.703">
    <failure message="expected [true] but found [false]" type="java.lang.AssertionError">java.lang.AssertionError: expected [true] but found [false]
	at org.testng.Assert.fail(Assert.java:110)
	at org.testng.Assert.failNotEquals(Assert.java:1413)
	at org.testng.Assert.assertTrue(Assert.java:56)
	at org.testng.Assert.assertTrue(Assert.java:66)
	at com.iNetBanking.testCases.TC_LoginDDT_002.loginDDT(TC_LoginDDT_002.java:32)
</failure>
    <system-out><![CDATA[ INFO [main] (TC_LoginDDT_002.java:20)- user name provide
 INFO [main] (TC_LoginDDT_002.java:22)- password provided
]]></system-out>
  </testcase>
  <testcase name="loginDDT" classname="com.iNetBanking.testCases.TC_LoginDDT_002" time="15.367"/>
  <testcase name="loginDDT" classname="com.iNetBanking.testCases.TC_LoginDDT_002" time="6.151">
    <failure message="expected [true] but found [false]" type="java.lang.AssertionError">java.lang.AssertionError: expected [true] but found [false]
	at org.testng.Assert.fail(Assert.java:110)
	at org.testng.Assert.failNotEquals(Assert.java:1413)
	at org.testng.Assert.assertTrue(Assert.java:56)
	at org.testng.Assert.assertTrue(Assert.java:66)
	at com.iNetBanking.testCases.TC_LoginDDT_002.loginDDT(TC_LoginDDT_002.java:32)
</failure>
    <system-out><![CDATA[ INFO [main] (TC_LoginDDT_002.java:20)- user name provide
 INFO [main] (TC_LoginDDT_002.java:22)- password provided
]]></system-out>
  </testcase>
  <testcase name="addNewCustomer" classname="com.iNetBanking.testCases.TC_AddCustomer_003" time="20.796"/>
</testsuite>