<?xml version="1.0" encoding="UTF-8"?>
<testng-results ignored="0" total="1" passed="1" failed="0" skipped="0">
  <reporter-output>
  </reporter-output>
  <suite started-at="2022-07-28T12:46:17 IST" name="InetBankingV1" finished-at="2022-07-28T12:46:37 IST" duration-ms="19586">
    <groups>
    </groups>
    <test started-at="2022-07-28T12:46:17 IST" name="BankingApp Test" finished-at="2022-07-28T12:46:37 IST" duration-ms="19586">
      <class name="com.iNetBanking.testCases.TC_LoginTest_001">
        <test-method is-config="true" signature="setup(java.lang.String)[pri:0, instance:com.iNetBanking.testCases.TC_LoginTest_001@6989da5e]" started-at="2022-07-28T12:46:18 IST" name="setup" finished-at="2022-07-28T12:46:32 IST" duration-ms="14390" status="PASS">
          <params>
            <param index="0">
              <value>
                <![CDATA[chrome]]>
              </value>
            </param>
          </params>
          <reporter-output>
          </reporter-output>
        </test-method> <!-- setup -->
        <test-method signature="loginTest()[pri:0, instance:com.iNetBanking.testCases.TC_LoginTest_001@6989da5e]" started-at="2022-07-28T12:46:32 IST" name="loginTest" finished-at="2022-07-28T12:46:36 IST" duration-ms="4087" status="PASS">
          <reporter-output>
          </reporter-output>
        </test-method> <!-- loginTest -->
        <test-method is-config="true" signature="tearDown()[pri:0, instance:com.iNetBanking.testCases.TC_LoginTest_001@6989da5e]" started-at="2022-07-28T12:46:36 IST" name="tearDown" finished-at="2022-07-28T12:46:37 IST" duration-ms="623" status="PASS">
          <reporter-output>
          </reporter-output>
        </test-method> <!-- tearDown -->
      </class> <!-- com.iNetBanking.testCases.TC_LoginTest_001 -->
    </test> <!-- BankingApp Test -->
  </suite> <!-- InetBankingV1 -->
</testng-results>
